[INFO] Scanning for projects...
[INFO] 
[INFO] ----------------------< org.example:medtrackmain >----------------------
[INFO] Building medtrackmain 0.0.1-SNAPSHOT
[INFO]   from pom.xml
[INFO] --------------------------------[ jar ]---------------------------------
[INFO] 
[INFO] >>> spring-boot:4.0.3:run (default-cli) > test-compile @ medtrackmain >>>
[INFO] 
[INFO] --- resources:3.3.1:resources (default-resources) @ medtrackmain ---
[INFO] Copying 1 resource from src/main/resources to target/classes
[INFO] Copying 0 resource from src/main/resources to target/classes
[INFO] 
[INFO] --- compiler:3.14.1:compile (default-compile) @ medtrackmain ---
[INFO] Recompiling the module because of changed source code.
[INFO] Compiling 14 source files with javac [debug parameters release 21] to target/classes
[INFO] 
[INFO] --- resources:3.3.1:testResources (default-testResources) @ medtrackmain ---
[INFO] skip non existing resourceDirectory /Users/fatemeh.jafari/medtrackmain/src/test/resources
[INFO] 
[INFO] --- compiler:3.14.1:testCompile (default-testCompile) @ medtrackmain ---
[INFO] Recompiling the module because of changed dependency.
[INFO] Compiling 1 source file with javac [debug parameters release 21] to target/test-classes
[INFO] 
[INFO] <<< spring-boot:4.0.3:run (default-cli) < test-compile @ medtrackmain <<<
[INFO] 
[INFO] 
[INFO] --- spring-boot:4.0.3:run (default-cli) @ medtrackmain ---
[INFO] Attaching agents: []

  .   ____          _            __ _ _
 /\\ / ___'_ __ _ _(_)_ __  __ _ \ \ \ \
( ( )\___ | '_ | '_| | '_ \/ _` | \ \ \ \
 \\/  ___)| |_)| | | | | || (_| |  ) ) ) )
  '  |____| .__|_| |_|_| |_\__, | / / / /
 =========|_|==============|___/=/_/_/_/

 :: Spring Boot ::                (v4.0.3)

2026-03-27T17:46:49.237+01:00  INFO 95162 --- [medtrackmain] [           main] o.e.m.MedtrackmainApplication            : Starting MedtrackmainApplication using Java 25.0.2 with PID 95162 (/Users/fatemeh.jafari/medtrackmain/target/classes started by fatemeh.jafari in /Users/fatemeh.jafari/medtrackmain)
2026-03-27T17:46:49.239+01:00  INFO 95162 --- [medtrackmain] [           main] o.e.m.MedtrackmainApplication            : No active profile set, falling back to 1 default profile: "default"
2026-03-27T17:46:49.567+01:00  INFO 95162 --- [medtrackmain] [           main] .s.d.r.c.RepositoryConfigurationDelegate : Bootstrapping Spring Data JPA repositories in DEFAULT mode.
2026-03-27T17:46:49.576+01:00  INFO 95162 --- [medtrackmain] [           main] .s.d.r.c.RepositoryConfigurationDelegate : Finished Spring Data repository scanning in 5 ms. Found 0 JPA repository interfaces.
2026-03-27T17:46:49.741+01:00  INFO 95162 --- [medtrackmain] [           main] o.s.boot.tomcat.TomcatWebServer          : Tomcat initialized with port 8080 (http)
2026-03-27T17:46:49.748+01:00  INFO 95162 --- [medtrackmain] [           main] o.apache.catalina.core.StandardService   : Starting service [Tomcat]
2026-03-27T17:46:49.748+01:00  INFO 95162 --- [medtrackmain] [           main] o.apache.catalina.core.StandardEngine    : Starting Servlet engine: [Apache Tomcat/11.0.18]
2026-03-27T17:46:49.775+01:00  INFO 95162 --- [medtrackmain] [           main] b.w.c.s.WebApplicationContextInitializer : Root WebApplicationContext: initialization completed in 517 ms
2026-03-27T17:46:49.856+01:00  INFO 95162 --- [medtrackmain] [           main] org.hibernate.orm.jpa                    : HHH008540: Processing PersistenceUnitInfo [name: default]
2026-03-27T17:46:49.881+01:00  INFO 95162 --- [medtrackmain] [           main] org.hibernate.orm.core                   : HHH000001: Hibernate ORM core version 7.2.4.Final
2026-03-27T17:46:50.067+01:00  INFO 95162 --- [medtrackmain] [           main] o.s.o.j.p.SpringPersistenceUnitInfo      : No LoadTimeWeaver setup: ignoring JPA class transformer
2026-03-27T17:46:50.082+01:00  INFO 95162 --- [medtrackmain] [           main] com.zaxxer.hikari.HikariDataSource       : HikariPool-1 - Starting...
2026-03-27T17:46:50.185+01:00  INFO 95162 --- [medtrackmain] [           main] com.zaxxer.hikari.pool.HikariPool        : HikariPool-1 - Added connection conn0: url=jdbc:h2:mem:medtrackdb user=SA
2026-03-27T17:46:50.186+01:00  INFO 95162 --- [medtrackmain] [           main] com.zaxxer.hikari.HikariDataSource       : HikariPool-1 - Start completed.
2026-03-27T17:46:50.196+01:00  WARN 95162 --- [medtrackmain] [           main] org.hibernate.orm.deprecation            : HHH90000025: H2Dialect does not need to be specified explicitly using 'hibernate.dialect' (remove the property setting and it will be selected by default)
2026-03-27T17:46:50.204+01:00  INFO 95162 --- [medtrackmain] [           main] org.hibernate.orm.connections.pooling    : HHH10001005: Database info:
	Database JDBC URL [jdbc:h2:mem:medtrackdb]
	Database driver: H2 JDBC Driver
	Database dialect: H2Dialect
	Database version: 2.4.240
	Default catalog/schema: MEDTRACKDB/PUBLIC
	Autocommit mode: undefined/unknown
	Isolation level: READ_COMMITTED [default READ_COMMITTED]
	JDBC fetch size: 100
	Pool: DataSourceConnectionProvider
	Minimum pool size: undefined/unknown
	Maximum pool size: undefined/unknown
2026-03-27T17:46:50.376+01:00  INFO 95162 --- [medtrackmain] [           main] org.hibernate.orm.core                   : HHH000489: No JTA platform available (set 'hibernate.transaction.jta.platform' to enable JTA platform integration)
2026-03-27T17:46:50.379+01:00  INFO 95162 --- [medtrackmain] [           main] j.LocalContainerEntityManagerFactoryBean : Initialized JPA EntityManagerFactory for persistence unit 'default'
2026-03-27T17:46:50.431+01:00  WARN 95162 --- [medtrackmain] [           main] JpaBaseConfiguration$JpaWebConfiguration : spring.jpa.open-in-view is enabled by default. Therefore, database queries may be performed during view rendering. Explicitly configure spring.jpa.open-in-view to disable this warning
2026-03-27T17:46:50.624+01:00  INFO 95162 --- [medtrackmain] [           main] o.s.boot.tomcat.TomcatWebServer          : Tomcat started on port 8080 (http) with context path '/'
2026-03-27T17:46:50.628+01:00  INFO 95162 --- [medtrackmain] [           main] o.e.m.MedtrackmainApplication            : Started MedtrackmainApplication in 1.553 seconds (process running for 1.706)
2026-03-27T17:46:50.630+01:00  WARN 95162 --- [medtrackmain] [           main] o.s.core.events.SpringDocAppInitializer  : SpringDoc /v3/api-docs endpoint is enabled by default. To disable it in production, set the property 'springdoc.api-docs.enabled=false'
2026-03-27T17:46:50.630+01:00  WARN 95162 --- [medtrackmain] [           main] o.s.core.events.SpringDocAppInitializer  : SpringDoc /swagger-ui.html endpoint is enabled by default. To disable it in production, set the property 'springdoc.swagger-ui.enabled=false'
2026-03-27T17:47:20.674+01:00  INFO 95162 --- [medtrackmain] [nio-8080-exec-1] o.a.c.c.C.[Tomcat].[localhost].[/]       : Initializing Spring DispatcherServlet 'dispatcherServlet'
2026-03-27T17:47:20.675+01:00  INFO 95162 --- [medtrackmain] [nio-8080-exec-1] o.s.web.servlet.DispatcherServlet        : Initializing Servlet 'dispatcherServlet'
2026-03-27T17:47:20.676+01:00  INFO 95162 --- [medtrackmain] [nio-8080-exec-1] o.s.web.servlet.DispatcherServlet        : Completed initialization in 1 ms
2026-03-27T17:47:20.857+01:00  INFO 95162 --- [medtrackmain] [nio-8080-exec-2] o.springdoc.api.AbstractOpenApiResource  : Init duration for springdoc-openapi is: 107 ms
[INFO] ------------------------------------------------------------------------
[INFO] BUILD FAILURE
[INFO] ------------------------------------------------------------------------
[INFO] Total time:  14:19 min
[INFO] Finished at: 2026-03-27T18:01:07+01:00
[INFO] ------------------------------------------------------------------------
[ERROR] Failed to execute goal org.springframework.boot:spring-boot-maven-plugin:4.0.3:run (default-cli) on project medtrackmain: Process terminated with exit code: 137 -> [Help 1]
[ERROR] 
[ERROR] To see the full stack trace of the errors, re-run Maven with the -e switch.
[ERROR] Re-run Maven using the -X switch to enable full debug logging.
[ERROR] 
[ERROR] For more information about the errors and possible solutions, please read the following articles:
[ERROR] [Help 1] http://cwiki.apache.org/confluence/display/MAVEN/MojoExecutionException
